
; This syntax tries to match how Intel documents their opcodes in terms of keywords

; 8086 opcodes

opcode 0x00 /r               name "ADD"            display "ADD r/m8, r8"               dest rw r/m8    src r8
opcode 0x01 /r               name "ADD"            display "ADD r/m16,r16"              dest rw r/m16   src r16
opcode 0x02 /r               name "ADD"            display "ADD r8,   r/m8"             dest rw r8      src r/m8
opcode 0x03 /r               name "ADD"            display "ADD r16,  r/m16"            dest rw r16     src r/m16
opcode 0x04 ib               name "ADD"            display "ADD al,   imm8"             dest rw al      src imm8
opcode 0x05 iw               name "ADD"            display "ADD ax,   imm16"            dest rw ax      src imm16

opcode 0x06                  name "PUSH"           display "PUSH es"                    dest w stack16  src es
opcode 0x07                  name "POP"            display "POP es"                     dest w es       src stack16

opcode 0x08 /r               name "OR"             display "OR r/m8, r8"                dest rw r/m8    src r8
opcode 0x09 /r               name "OR"             display "OR r/m16,r16"               dest rw r/m16   src r16
opcode 0x0A /r               name "OR"             display "OR r8,   r/m8"              dest rw r8      src r/m8
opcode 0x0B /r               name "OR"             display "OR r16,  r/m16"             dest rw r16     src r/m16
opcode 0x0C ib               name "OR"             display "OR al,   imm8"              dest rw al      src imm8
opcode 0x0D iw               name "OR"             display "OR ax,   imm16"             dest rw ax      src imm16

opcode 0x0E                  name "PUSH"           display "PUSH cs"                    dest w stack16  src cs
opcode 0x0F                  name "POP"            display "POP cs"                     dest w cs       src stack16

opcode 0x10 /r               name "ADC"            display "ADC r/m8, r8"               dest rw r/m8    src r8
opcode 0x11 /r               name "ADC"            display "ADC r/m16,r16"              dest rw r/m16   src r16
opcode 0x12 /r               name "ADC"            display "ADC r8,   r/m8"             dest rw r8      src r/m8
opcode 0x13 /r               name "ADC"            display "ADC r16,  r/m16"            dest rw r16     src r/m16
opcode 0x14 ib               name "ADC"            display "ADC al,   imm8"             dest rw al      src imm8
opcode 0x15 iw               name "ADC"            display "ADC ax,   imm16"            dest rw ax      src imm16

opcode 0x16                  name "PUSH"           display "PUSH ss"                    dest w stack16  src ss
opcode 0x17                  name "POP"            display "POP ss"                     dest w ss       src stack16

opcode 0x18 /r               name "SBB"            display "SBB r/m8, r8"               dest rw r/m8    src r8
opcode 0x19 /r               name "SBB"            display "SBB r/m16,r16"              dest rw r/m16   src r16
opcode 0x1A /r               name "SBB"            display "SBB r8,   r/m8"             dest rw r8      src r/m8
opcode 0x1B /r               name "SBB"            display "SBB r16,  r/m16"            dest rw r16     src r/m16
opcode 0x1C ib               name "SBB"            display "SBB al,   imm8"             dest rw al      src imm8
opcode 0x1D iw               name "SBB"            display "SBB ax,   imm16"            dest rw ax      src imm16

opcode 0x1E                  name "PUSH"           display "PUSH ds                     dest w stack16  src ds
opcode 0x1F                  name "POP"            display "POP ds                      dest w ds       src stack16

opcode 0x20 /r               name "AND"            display "AND r/m8, r8"               dest rw r/m8    src r8
opcode 0x21 /r               name "AND"            display "AND r/m16,r16"              dest rw r/m16   src r16
opcode 0x22 /r               name "AND"            display "AND r8,   r/m8"             dest rw r8      src r/m8
opcode 0x23 /r               name "AND"            display "AND r16,  r/m16"            dest rw r16     src r/m16
opcode 0x24 ib               name "AND"            display "AND al,   imm8"             dest rw al      src imm8
opcode 0x25 iw               name "AND"            display "AND ax,   imm16"            dest rw ax      src imm16

opcode 0x26                  name "ES:"            display "ES:"                        prefix segoverride src es
opcode 0x27                  name "DAA"            display "DAA"                        dest rw al      src al

opcode 0x28 /r               name "SUB"            display "SUB r/m8, r8"               dest rw r/m8    src r8
opcode 0x29 /r               name "SUB"            display "SUB r/m16,r16"              dest rw r/m16   src r16
opcode 0x2A /r               name "SUB"            display "SUB r8,   r/m8"             dest rw r8      src r/m8
opcode 0x2B /r               name "SUB"            display "SUB r16,  r/m16"            dest rw r16     src r/m16
opcode 0x2C ib               name "SUB"            display "SUB al,   imm8"             dest rw al      src imm8
opcode 0x2D iw               name "SUB"            display "SUB ax,   imm16"            dest rw ax      src imm16

opcode 0x2E                  name "CS:"            display "CS:"                        prefix segoverride src cs
opcode 0x2F                  name "DAS"            display "DAS"                        dest rw al      src al

opcode 0x30 /r               name "XOR"            display "XOR r/m8, r8"               dest rw r/m8    src r8
opcode 0x31 /r               name "XOR"            display "XOR r/m16,r16"              dest rw r/m16   src r16
opcode 0x32 /r               name "XOR"            display "XOR r8,   r/m8"             dest rw r8      src r/m8
opcode 0x33 /r               name "XOR"            display "XOR r16,  r/m16"            dest rw r16     src r/m16
opcode 0x34 ib               name "XOR"            display "XOR al,   imm8"             dest rw al      src imm8
opcode 0x35 iw               name "XOR"            display "XOR ax,   imm16"            dest rw ax      src imm16

opcode 0x36                  name "SS:"            display "SS:"                        prefix segoverride src ss
opcode 0x37                  name "AAA"            display "AAA"                        dest rw ax      src al

opcode 0x38 /r               name "CMP"            display "CMP r/m8, r8"               dest rw r/m8    src r8
opcode 0x39 /r               name "CMP"            display "CMP r/m16,r16"              dest rw r/m16   src r16
opcode 0x3A /r               name "CMP"            display "CMP r8,   r/m8"             dest rw r8      src r/m8
opcode 0x3B /r               name "CMP"            display "CMP r16,  r/m16"            dest rw r16     src r/m16
opcode 0x3C ib               name "CMP"            display "CMP al,   imm8"             dest rw al      src imm8
opcode 0x3D iw               name "CMP"            display "CMP ax,   imm16"            dest rw ax      src imm16

opcode 0x3E                  name "DS:"            display "DS:"                        prefix segoverride src ds
opcode 0x3F                  name "AAS"            display "AAS"                        dest rw ax      src al

